#
# There is insufficient memory for the Java Runtime Environment to continue.
# Native memory allocation (malloc) failed to allocate 53552 bytes for Chunk::new
# Possible reasons:
#   The system is out of physical RAM or swap space
#   The process is running with CompressedOops enabled, and the Java Heap may be blocking the growth of the native heap
# Possible solutions:
#   Reduce memory load on the system
#   Increase physical memory or swap space
#   Check if swap backing store is full
#   Decrease Java heap size (-Xmx/-Xms)
#   Decrease number of Java threads
#   Decrease Java thread stack sizes (-Xss)
#   Set larger code cache with -XX:ReservedCodeCacheSize=
#   JVM is running with Zero Based Compressed Oops mode in which the Java heap is
#     placed in the first 32GB address space. The Java Heap base address is the
#     maximum limit for the native heap growth. Please use -XX:HeapBaseMinAddress
#     to set the Java Heap base and to place the Java Heap above 32GB virtual address.
# This output file may be truncated or incomplete.
#
#  Out of Memory Error (allocation.cpp:389), pid=7968, tid=0x00000000000004e0
#
# JRE version: Java(TM) SE Runtime Environment (8.0_251-b08) (build 1.8.0_251-b08)
# Java VM: Java HotSpot(TM) 64-Bit Server VM (25.251-b08 mixed mode windows-amd64 compressed oops)
# Failed to write core dump. Minidumps are not enabled by default on client versions of Windows
#

---------------  T H R E A D  ---------------

Current thread (0x000000001ba19000):  JavaThread "C2 CompilerThread2" daemon [_thread_in_native, id=1248, stack(0x000000001c3d0000,0x000000001c4d0000)]

Stack: [0x000000001c3d0000,0x000000001c4d0000]
[error occurred during error reporting (printing stack bounds), id 0xc0000005]

Native frames: (J=compiled Java code, j=interpreted, Vv=VM code, C=native code)


Current CompileTask:
C2:  13558 2114       4       java.lang.AbstractStringBuilder::append (144 bytes)


---------------  P R O C E S S  ---------------

Java Threads: ( => current thread )
  0x000000001d07f000 JavaThread "AsyncHttpClient-1-17" daemon [_thread_in_vm, id=6804, stack(0x00000000230f0000,0x00000000231f0000)]
  0x000000001d079000 JavaThread "AsyncHttpClient-1-16" daemon [_thread_blocked, id=8212, stack(0x0000000022ff0000,0x00000000230f0000)]
  0x000000001d07b000 JavaThread "AsyncHttpClient-1-15" daemon [_thread_blocked, id=4112, stack(0x0000000022ef0000,0x0000000022ff0000)]
  0x000000001d07e800 JavaThread "AsyncHttpClient-1-14" daemon [_thread_blocked, id=10840, stack(0x0000000022df0000,0x0000000022ef0000)]
  0x000000001d077800 JavaThread "AsyncHttpClient-1-13" daemon [_thread_blocked, id=11584, stack(0x0000000022cf0000,0x0000000022df0000)]
  0x000000001d07a800 JavaThread "AsyncHttpClient-1-12" daemon [_thread_blocked, id=15760, stack(0x0000000022bf0000,0x0000000022cf0000)]
  0x000000001d076800 JavaThread "AsyncHttpClient-1-11" daemon [_thread_blocked, id=7328, stack(0x0000000022af0000,0x0000000022bf0000)]
  0x000000001d07c000 JavaThread "AsyncHttpClient-1-10" daemon [_thread_blocked, id=4868, stack(0x00000000229f0000,0x0000000022af0000)]
  0x000000001d07c800 JavaThread "AsyncHttpClient-1-9" daemon [_thread_blocked, id=9316, stack(0x00000000228f0000,0x00000000229f0000)]
  0x000000001d079800 JavaThread "AsyncHttpClient-1-8" daemon [_thread_blocked, id=16408, stack(0x00000000227f0000,0x00000000228f0000)]
  0x000000001ba15800 JavaThread "AsyncHttpClient-1-7" daemon [_thread_blocked, id=9792, stack(0x00000000226f0000,0x00000000227f0000)]
  0x000000001ba1b800 JavaThread "AsyncHttpClient-1-6" daemon [_thread_blocked, id=19388, stack(0x000000001e3e0000,0x000000001e4e0000)]
  0x000000001ba16000 JavaThread "AsyncHttpClient-1-5" daemon [_thread_blocked, id=3056, stack(0x00000000225f0000,0x00000000226f0000)]
  0x000000001ba1c000 JavaThread "AsyncHttpClient-1-4" daemon [_thread_blocked, id=17880, stack(0x00000000224f0000,0x00000000225f0000)]
  0x000000001ba17800 JavaThread "Thread-1" [_thread_blocked, id=12896, stack(0x00000000223f0000,0x00000000224f0000)]
  0x000000001ba1a800 JavaThread "AsyncHttpClient-1-3" daemon [_thread_blocked, id=18652, stack(0x00000000206b0000,0x00000000207b0000)]
  0x000000001ba17000 JavaThread "AsyncHttpClient-1-2" daemon [_thread_blocked, id=7884, stack(0x0000000020ee0000,0x0000000020fe0000)]
  0x000000001c864000 JavaThread "Exec Stream Pumper" daemon [_thread_in_native, id=14784, stack(0x00000000208e0000,0x00000000209e0000)]
  0x000000001c8af800 JavaThread "Exec Stream Pumper" daemon [_thread_in_native, id=11392, stack(0x00000000207e0000,0x00000000208e0000)]
  0x000000001da81800 JavaThread "UrlChecker-2" daemon [_thread_blocked, id=10416, stack(0x000000001f5e0000,0x000000001f6e0000)]
  0x000000001d711000 JavaThread "ForkJoinPool.commonPool-worker-2" daemon [_thread_blocked, id=10140, stack(0x000000001f4e0000,0x000000001f5e0000)]
  0x000000001dbee800 JavaThread "Exec Default Executor" daemon [_thread_in_native, id=4216, stack(0x000000001f3e0000,0x000000001f4e0000)]
  0x000000001bb3c000 JavaThread "netty-client-timer-3-1" daemon [_thread_blocked, id=14260, stack(0x000000001f2e0000,0x000000001f3e0000)]
  0x000000001d4ad000 JavaThread "AsyncHttpClient-1-1" daemon [_thread_blocked, id=14832, stack(0x000000001efe0000,0x000000001f0e0000)]
  0x000000001d0c9800 JavaThread "ForkJoinPool.commonPool-worker-1" daemon [_thread_blocked, id=11260, stack(0x000000001eee0000,0x000000001efe0000)]
  0x000000001baa8800 JavaThread "Service Thread" daemon [_thread_blocked, id=3524, stack(0x000000001c5d0000,0x000000001c6d0000)]
  0x000000001ba18800 JavaThread "C1 CompilerThread3" daemon [_thread_blocked, id=2780, stack(0x000000001c4d0000,0x000000001c5d0000)]
=>0x000000001ba19000 JavaThread "C2 CompilerThread2" daemon [_thread_in_native, id=1248, stack(0x000000001c3d0000,0x000000001c4d0000)]
  0x000000001ba08800 JavaThread "C2 CompilerThread1" daemon [_thread_blocked, id=16132, stack(0x000000001c2d0000,0x000000001c3d0000)]
  0x000000001ba06000 JavaThread "C2 CompilerThread0" daemon [_thread_blocked, id=4836, stack(0x000000001c1d0000,0x000000001c2d0000)]
  0x000000001ba03000 JavaThread "Attach Listener" daemon [_thread_blocked, id=7772, stack(0x000000001c0d0000,0x000000001c1d0000)]
  0x000000001ba00000 JavaThread "Signal Dispatcher" daemon [_thread_blocked, id=15180, stack(0x000000001bfd0000,0x000000001c0d0000)]
  0x000000001b9f0800 JavaThread "Finalizer" daemon [_thread_blocked, id=7836, stack(0x000000001bdd0000,0x000000001bed0000)]
  0x000000000274e000 JavaThread "Reference Handler" daemon [_thread_blocked, id=5004, stack(0x000000001b8d0000,0x000000001b9d0000)]
  0x0000000002658000 JavaThread "main" [_thread_blocked, id=16896, stack(0x00000000024c0000,0x00000000025c0000)]

Other Threads:
  0x0000000019af8800 VMThread [stack: 0x000000001b7d0000,0x000000001b8d0000] [id=20408]
  0x000000001bae3800 WatcherThread [stack: 0x000000001c6d0000,0x000000001c7d0000] [id=18304]

VM state:synchronizing (normal execution)

VM Mutex/Monitor currently owned by a thread:  ([mutex/lock_event])
[0x00000000026551c0] Threads_lock - owner thread: 0x0000000019af8800

OutOfMemory and StackOverflow Exception counts:
OutOfMemoryError java_heap_errors=2

heap address: 0x0000000703a00000, size: 3014 MB, Compressed Oops mode: Zero based, Oop shift amount: 3
Narrow klass base: 0x0000000000000000, Narrow klass shift: 3
Compressed class space size: 1073741824 Address: 0x00000007c0000000

Heap:
 PSYoungGen      total 83456K, used 55674K [0x0000000781380000, 0x0000000788100000, 0x00000007c0000000)
  eden space 77312K, 64% used [0x0000000781380000,0x000000078445e4a8,0x0000000785f00000)
  from space 6144K, 91% used [0x0000000787b00000,0x00000007880805d8,0x0000000788100000)
  to   space 7680K, 0% used [0x0000000787200000,0x0000000787200000,0x0000000787980000)
 ParOldGen       total 78848K, used 7868K [0x0000000703a00000, 0x0000000708700000, 0x0000000781380000)
  object space 78848K, 9% used [0x0000000703a00000,0x00000007041af078,0x0000000708700000)
 Metaspace       used 28810K, capacity 30238K, committed 30464K, reserved 1077248K
  class space    used 3753K, capacity 4079K, committed 4096K, reserved 1048576K

Card table byte_map: [0x0000000011b10000,0x0000000012100000] byte_map_base: 0x000000000e2f3000

Marking Bits: (ParMarkBitMap*) 0x000000005e44af90
 Begin Bits: [0x0000000012cf0000, 0x0000000015c08000)
 End Bits:   [0x0000000015c08000, 0x0000000018b20000)

Polling page: 0x0000000002470000

CodeCache: size=245760Kb used=6299Kb max_used=6381Kb free=239460Kb
 bounds [0x0000000002750000, 0x0000000002da0000, 0x0000000011750000]
 total_blobs=2404 nmethods=1903 adapters=413
 compilation: enabled

Compilation events (10 events):
Event: 13.550 Thread 0x000000001ba18800 2117       3       java.lang.StringBuffer::append (6 bytes)
Event: 13.551 Thread 0x000000001ba18800 nmethod 2117 0x0000000002d90c90 code [0x0000000002d90e00, 0x0000000002d91208]
Event: 13.551 Thread 0x000000001ba18800 2118  s    3       java.lang.StringBuffer::append (13 bytes)
Event: 13.551 Thread 0x000000001ba18800 nmethod 2118 0x0000000002d91310 code [0x0000000002d91480, 0x0000000002d917a8]
Event: 13.553 Thread 0x000000001ba18800 2120       3       io.netty.channel.AbstractChannelHandlerContext::channel (8 bytes)
Event: 13.553 Thread 0x000000001ba18800 nmethod 2120 0x0000000002d91890 code [0x0000000002d919e0, 0x0000000002d91bd0]
Event: 13.553 Thread 0x000000001ba18800 2121       3       io.netty.channel.nio.AbstractNioChannel::eventLoop (8 bytes)
Event: 13.553 Thread 0x000000001ba18800 nmethod 2121 0x0000000002d91c90 code [0x0000000002d91e20, 0x0000000002d921c8]
Event: 13.554 Thread 0x000000001ba18800 2122       3       io.netty.channel.nio.AbstractNioChannel::eventLoop (5 bytes)
Event: 13.554 Thread 0x000000001ba18800 nmethod 2122 0x0000000002d92310 code [0x0000000002d924a0, 0x0000000002d92908]

GC Heap History (10 events):
Event: 3.030 GC heap before
{Heap before GC invocations=1 (full 0):
 PSYoungGen      total 56832K, used 49152K [0x0000000781380000, 0x0000000785280000, 0x00000007c0000000)
  eden space 49152K, 100% used [0x0000000781380000,0x0000000784380000,0x0000000784380000)
  from space 7680K, 0% used [0x0000000784b00000,0x0000000784b00000,0x0000000785280000)
  to   space 7680K, 0% used [0x0000000784380000,0x0000000784380000,0x0000000784b00000)
 ParOldGen       total 130048K, used 0K [0x0000000703a00000, 0x000000070b900000, 0x0000000781380000)
  object space 130048K, 0% used [0x0000000703a00000,0x0000000703a00000,0x000000070b900000)
 Metaspace       used 11801K, capacity 11950K, committed 12160K, reserved 1060864K
  class space    used 1328K, capacity 1407K, committed 1408K, reserved 1048576K
Event: 3.045 GC heap after
Heap after GC invocations=1 (full 0):
 PSYoungGen      total 56832K, used 7192K [0x0000000781380000, 0x0000000785280000, 0x00000007c0000000)
  eden space 49152K, 0% used [0x0000000781380000,0x0000000781380000,0x0000000784380000)
  from space 7680K, 93% used [0x0000000784380000,0x0000000784a86228,0x0000000784b00000)
  to   space 7680K, 0% used [0x0000000784b00000,0x0000000784b00000,0x0000000785280000)
 ParOldGen       total 130048K, used 80K [0x0000000703a00000, 0x000000070b900000, 0x0000000781380000)
  object space 130048K, 0% used [0x0000000703a00000,0x0000000703a14010,0x000000070b900000)
 Metaspace       used 11801K, capacity 11950K, committed 12160K, reserved 1060864K
  class space    used 1328K, capacity 1407K, committed 1408K, reserved 1048576K
}
Event: 5.925 GC heap before
{Heap before GC invocations=2 (full 0):
 PSYoungGen      total 56832K, used 56344K [0x0000000781380000, 0x0000000785280000, 0x00000007c0000000)
  eden space 49152K, 100% used [0x0000000781380000,0x0000000784380000,0x0000000784380000)
  from space 7680K, 93% used [0x0000000784380000,0x0000000784a86228,0x0000000784b00000)
  to   space 7680K, 0% used [0x0000000784b00000,0x0000000784b00000,0x0000000785280000)
 ParOldGen       total 130048K, used 80K [0x0000000703a00000, 0x000000070b900000, 0x0000000781380000)
  object space 130048K, 0% used [0x0000000703a00000,0x0000000703a14010,0x000000070b900000)
 Metaspace       used 19365K, capacity 19884K, committed 20224K, reserved 1067008K
  class space    used 2325K, capacity 2484K, committed 2560K, reserved 1048576K
Event: 5.947 GC heap after
Heap after GC invocations=2 (full 0):
 PSYoungGen      total 56832K, used 7656K [0x0000000781380000, 0x0000000785280000, 0x00000007c0000000)
  eden space 49152K, 0% used [0x0000000781380000,0x0000000781380000,0x0000000784380000)
  from space 7680K, 99% used [0x0000000784b00000,0x000000078527a308,0x0000000785280000)
  to   space 7680K, 0% used [0x0000000784380000,0x0000000784380000,0x0000000784b00000)
 ParOldGen       total 130048K, used 2507K [0x0000000703a00000, 0x000000070b900000, 0x0000000781380000)
  object space 130048K, 1% used [0x0000000703a00000,0x0000000703c72f40,0x000000070b900000)
 Metaspace       used 19365K, capacity 19884K, committed 20224K, reserved 1067008K
  class space    used 2325K, capacity 2484K, committed 2560K, reserved 1048576K
}
Event: 6.239 GC heap before
{Heap before GC invocations=3 (full 0):
 PSYoungGen      total 56832K, used 16141K [0x0000000781380000, 0x0000000785280000, 0x00000007c0000000)
  eden space 49152K, 17% used [0x0000000781380000,0x0000000781bc91e8,0x0000000784380000)
  from space 7680K, 99% used [0x0000000784b00000,0x000000078527a308,0x0000000785280000)
  to   space 7680K, 0% used [0x0000000784380000,0x0000000784380000,0x0000000784b00000)
 ParOldGen       total 130048K, used 2507K [0x0000000703a00000, 0x000000070b900000, 0x0000000781380000)
  object space 130048K, 1% used [0x0000000703a00000,0x0000000703c72f40,0x000000070b900000)
 Metaspace       used 20614K, capacity 21170K, committed 21296K, reserved 1069056K
  class space    used 2495K, capacity 2677K, committed 2688K, reserved 1048576K
Event: 6.258 GC heap after
Heap after GC invocations=3 (full 0):
 PSYoungGen      total 56832K, used 7652K [0x0000000781380000, 0x0000000788280000, 0x00000007c0000000)
  eden space 49152K, 0% used [0x0000000781380000,0x0000000781380000,0x0000000784380000)
  from space 7680K, 99% used [0x0000000784380000,0x0000000784af91b0,0x0000000784b00000)
  to   space 7680K, 0% used [0x0000000787b00000,0x0000000787b00000,0x0000000788280000)
 ParOldGen       total 130048K, used 2515K [0x0000000703a00000, 0x000000070b900000, 0x0000000781380000)
  object space 130048K, 1% used [0x0000000703a00000,0x0000000703c74f40,0x000000070b900000)
 Metaspace       used 20614K, capacity 21170K, committed 21296K, reserved 1069056K
  class space    used 2495K, capacity 2677K, committed 2688K, reserved 1048576K
}
Event: 6.258 GC heap before
{Heap before GC invocations=4 (full 1):
 PSYoungGen      total 56832K, used 7652K [0x0000000781380000, 0x0000000788280000, 0x00000007c0000000)
  eden space 49152K, 0% used [0x0000000781380000,0x0000000781380000,0x0000000784380000)
  from space 7680K, 99% used [0x0000000784380000,0x0000000784af91b0,0x0000000784b00000)
  to   space 7680K, 0% used [0x0000000787b00000,0x0000000787b00000,0x0000000788280000)
 ParOldGen       total 130048K, used 2515K [0x0000000703a00000, 0x000000070b900000, 0x0000000781380000)
  object space 130048K, 1% used [0x0000000703a00000,0x0000000703c74f40,0x000000070b900000)
 Metaspace       used 20614K, capacity 21170K, committed 21296K, reserved 1069056K
  class space    used 2495K, capacity 2677K, committed 2688K, reserved 1048576K
Event: 6.345 GC heap after
Heap after GC invocations=4 (full 1):
 PSYoungGen      total 56832K, used 0K [0x0000000781380000, 0x0000000788280000, 0x00000007c0000000)
  eden space 49152K, 0% used [0x0000000781380000,0x0000000781380000,0x0000000784380000)
  from space 7680K, 0% used [0x0000000784380000,0x0000000784380000,0x0000000784b00000)
  to   space 7680K, 0% used [0x0000000787b00000,0x0000000787b00000,0x0000000788280000)
 ParOldGen       total 78848K, used 7860K [0x0000000703a00000, 0x0000000708700000, 0x0000000781380000)
  object space 78848K, 9% used [0x0000000703a00000,0x00000007041ad078,0x0000000708700000)
 Metaspace       used 20614K, capacity 21170K, committed 21296K, reserved 1069056K
  class space    used 2495K, capacity 2677K, committed 2688K, reserved 1048576K
}
Event: 10.693 GC heap before
{Heap before GC invocations=5 (full 1):
 PSYoungGen      total 56832K, used 39826K [0x0000000781380000, 0x0000000788280000, 0x00000007c0000000)
  eden space 49152K, 81% used [0x0000000781380000,0x0000000783a64960,0x0000000784380000)
  from space 7680K, 0% used [0x0000000784380000,0x0000000784380000,0x0000000784b00000)
  to   space 7680K, 0% used [0x0000000787b00000,0x0000000787b00000,0x0000000788280000)
 ParOldGen       total 78848K, used 7860K [0x0000000703a00000, 0x0000000708700000, 0x0000000781380000)
  object space 78848K, 9% used [0x0000000703a00000,0x00000007041ad078,0x0000000708700000)
 Metaspace       used 26289K, capacity 27332K, committed 27520K, reserved 1073152K
  class space    used 3334K, capacity 3602K, committed 3712K, reserved 1048576K
Event: 10.711 GC heap after
Heap after GC invocations=5 (full 1):
 PSYoungGen      total 83456K, used 5633K [0x0000000781380000, 0x0000000788100000, 0x00000007c0000000)
  eden space 77312K, 0% used [0x0000000781380000,0x0000000781380000,0x0000000785f00000)
  from space 6144K, 91% used [0x0000000787b00000,0x00000007880805d8,0x0000000788100000)
  to   space 7680K, 0% used [0x0000000787200000,0x0000000787200000,0x0000000787980000)
 ParOldGen       total 78848K, used 7868K [0x0000000703a00000, 0x0000000708700000, 0x0000000781380000)
  object space 78848K, 9% used [0x0000000703a00000,0x00000007041af078,0x0000000708700000)
 Metaspace       used 26289K, capacity 27332K, committed 27520K, reserved 1073152K
  class space    used 3334K, capacity 3602K, committed 3712K, reserved 1048576K
}

Deoptimization events (10 events):
Event: 7.791 Thread 0x0000000002658000 Uncommon trap: reason=class_check action=maybe_recompile pc=0x0000000002c1fc18 method=java.util.regex.Matcher.search(I)Z @ 86
Event: 7.791 Thread 0x0000000002658000 Uncommon trap: reason=class_check action=maybe_recompile pc=0x0000000002c1fc18 method=java.util.regex.Matcher.search(I)Z @ 86
Event: 7.887 Thread 0x0000000002658000 Uncommon trap: reason=unstable_if action=reinterpret pc=0x0000000002bd9970 method=java.util.regex.Pattern$BmpCharProperty.match(Ljava/util/regex/Matcher;ILjava/lang/CharSequence;)Z @ 34
Event: 13.132 Thread 0x0000000002658000 Uncommon trap: reason=class_check action=maybe_recompile pc=0x0000000002c4215c method=java.util.concurrent.ConcurrentHashMap.putVal(Ljava/lang/Object;Ljava/lang/Object;Z)Ljava/lang/Object; @ 192
Event: 13.132 Thread 0x0000000002658000 Uncommon trap: reason=class_check action=maybe_recompile pc=0x0000000002c4215c method=java.util.concurrent.ConcurrentHashMap.putVal(Ljava/lang/Object;Ljava/lang/Object;Z)Ljava/lang/Object; @ 192
Event: 13.132 Thread 0x0000000002658000 Uncommon trap: reason=class_check action=maybe_recompile pc=0x0000000002c4215c method=java.util.concurrent.ConcurrentHashMap.putVal(Ljava/lang/Object;Ljava/lang/Object;Z)Ljava/lang/Object; @ 192
Event: 13.133 Thread 0x0000000002658000 Uncommon trap: reason=class_check action=maybe_recompile pc=0x0000000002c4215c method=java.util.concurrent.ConcurrentHashMap.putVal(Ljava/lang/Object;Ljava/lang/Object;Z)Ljava/lang/Object; @ 192
Event: 13.134 Thread 0x0000000002658000 Uncommon trap: reason=unstable_if action=reinterpret pc=0x0000000002d305c4 method=java.util.concurrent.ConcurrentHashMap.get(Ljava/lang/Object;)Ljava/lang/Object; @ 76
Event: 13.417 Thread 0x0000000002658000 Uncommon trap: reason=unstable_if action=reinterpret pc=0x0000000002b38f84 method=java.util.regex.Pattern.inRange(III)Z @ 7
Event: 13.417 Thread 0x0000000002658000 Uncommon trap: reason=unstable_if action=reinterpret pc=0x00000000029b9538 method=java.util.regex.Pattern.inRange(III)Z @ 7

Classes redefined (0 events):
No events

Internal exceptions (10 events):
Event: 13.262 Thread 0x0000000002658000 Exception <a 'java/lang/NoSuchMethodError': java.lang.Object.concat(Ljava/util/stream/Stream;Ljava/util/stream/Stream;)Ljava/util/stream/Stream;> (0x000000078365ad98) thrown at [C:\jenkins\workspace\8-2-build-windows-amd64-cygwin\jdk8u251\737\hotspot\src\
Event: 13.262 Thread 0x0000000002658000 Exception <a 'java/lang/NoSuchMethodError': java.lang.Object.empty()Ljava/util/stream/Stream;> (0x000000078365e930) thrown at [C:\jenkins\workspace\8-2-build-windows-amd64-cygwin\jdk8u251\737\hotspot\src\share\vm\interpreter\linkResolver.cpp, line 620]
Event: 13.264 Thread 0x0000000002658000 Exception <a 'java/lang/NoSuchMethodError': java.lang.Object.of([Ljava/lang/Object;)Ljava/util/stream/Stream;> (0x000000078366ec90) thrown at [C:\jenkins\workspace\8-2-build-windows-amd64-cygwin\jdk8u251\737\hotspot\src\share\vm\interpreter\linkResolver.c
Event: 13.268 Thread 0x0000000002658000 Exception <a 'java/lang/NoSuchMethodError': java.lang.Object.lambda$comparing$77a9974f$1(Ljava/util/function/Function;Ljava/lang/Object;Ljava/lang/Object;)I> (0x000000078368d178) thrown at [C:\jenkins\workspace\8-2-build-windows-amd64-cygwin\jdk8u251\737\
Event: 13.269 Thread 0x0000000002658000 Exception <a 'java/lang/NoSuchMethodError': java.lang.Object.lambda$thenComparing$36697e65$1(Ljava/util/Comparator;Ljava/lang/Object;Ljava/lang/Object;)I> (0x0000000783697cf0) thrown at [C:\jenkins\workspace\8-2-build-windows-amd64-cygwin\jdk8u251\737\hot
Event: 13.299 Thread 0x0000000002658000 Exception <a 'sun/nio/fs/WindowsException'> (0x00000007837dfc78) thrown at [C:\jenkins\workspace\8-2-build-windows-amd64-cygwin\jdk8u251\737\hotspot\src\share\vm\prims\jni.cpp, line 710]
Event: 13.370 Thread 0x0000000002658000 Exception <a 'sun/nio/fs/WindowsException'> (0x0000000783a88680) thrown at [C:\jenkins\workspace\8-2-build-windows-amd64-cygwin\jdk8u251\737\hotspot\src\share\vm\prims\jni.cpp, line 710]
Event: 13.374 Thread 0x0000000002658000 Exception <a 'sun/nio/fs/WindowsException'> (0x0000000783a90f70) thrown at [C:\jenkins\workspace\8-2-build-windows-amd64-cygwin\jdk8u251\737\hotspot\src\share\vm\prims\jni.cpp, line 710]
Event: 13.379 Thread 0x0000000002658000 Exception <a 'sun/nio/fs/WindowsException'> (0x0000000783aa37f8) thrown at [C:\jenkins\workspace\8-2-build-windows-amd64-cygwin\jdk8u251\737\hotspot\src\share\vm\prims\jni.cpp, line 710]
Event: 13.550 Thread 0x000000001d504000 Exception <a 'java/net/SocketException': Socket closed> (0x00000007834ceb58) thrown at [C:\jenkins\workspace\8-2-build-windows-amd64-cygwin\jdk8u251\737\hotspot\src\share\vm\prims\jni.cpp, line 736]

Events (10 events):
Event: 13.555 Thread 0x000000001d07b000 Thread added: 0x000000001d07b000
Event: 13.555 Thread 0x000000001d079000 Thread added: 0x000000001d079000
Event: 13.555 Thread 0x000000001d07f000 Thread added: 0x000000001d07f000
Event: 13.555 loading class io/netty/util/concurrent/Future
Event: 13.555 loading class io/netty/util/concurrent/Future done
Event: 13.555 loading class io/netty/util/concurrent/Future
Event: 13.555 loading class io/netty/util/concurrent/Future done
Event: 13.556 loading class org/asynchttpclient/netty/channel/ChannelManager
Event: 13.556 loading class org/asynchttpclient/netty/channel/ChannelManager done
Event: 13.556 Executing VM operation: RevokeBias


Dynamic libraries:
0x00007ff6bb930000 - 0x00007ff6bb967000 	C:\Program Files\Java\jre1.8.0_251\bin\javaw.exe
0x00007fff50020000 - 0x00007fff50229000 	C:\WINDOWS\SYSTEM32\ntdll.dll
0x00007fff4e9e0000 - 0x00007fff4ea9d000 	C:\WINDOWS\System32\KERNEL32.DLL
0x00007fff4da30000 - 0x00007fff4dda9000 	C:\WINDOWS\System32\KERNELBASE.dll
0x00007fff4fea0000 - 0x00007fff4ff4e000 	C:\WINDOWS\System32\ADVAPI32.dll
0x00007fff4e670000 - 0x00007fff4e713000 	C:\WINDOWS\System32\msvcrt.dll
0x00007fff4f2d0000 - 0x00007fff4f36e000 	C:\WINDOWS\System32\sechost.dll
0x00007fff4f370000 - 0x00007fff4f490000 	C:\WINDOWS\System32\RPCRT4.dll
0x00007fff4fbf0000 - 0x00007fff4fd9c000 	C:\WINDOWS\System32\USER32.dll
0x00007fff4d860000 - 0x00007fff4d886000 	C:\WINDOWS\System32\win32u.dll
0x00007fff4e780000 - 0x00007fff4e7a9000 	C:\WINDOWS\System32\GDI32.dll
0x00007fff4d910000 - 0x00007fff4da22000 	C:\WINDOWS\System32\gdi32full.dll
0x00007fff4de20000 - 0x00007fff4debd000 	C:\WINDOWS\System32\msvcp_win.dll
0x00007fff4d510000 - 0x00007fff4d621000 	C:\WINDOWS\System32\ucrtbase.dll
0x00007fff27230000 - 0x00007fff274d5000 	C:\WINDOWS\WinSxS\amd64_microsoft.windows.common-controls_6595b64144ccf1df_6.0.22000.120_none_9d947278b86cc467\COMCTL32.dll
0x00007fff4e8a0000 - 0x00007fff4e8d1000 	C:\WINDOWS\System32\IMM32.DLL
0x000000005f960000 - 0x000000005fa32000 	C:\Program Files\Java\jre1.8.0_251\bin\msvcr100.dll
0x000000005dc20000 - 0x000000005e4cb000 	C:\Program Files\Java\jre1.8.0_251\bin\server\jvm.dll
0x00007fff4e8e0000 - 0x00007fff4e8e8000 	C:\WINDOWS\System32\PSAPI.DLL
0x00007fff425a0000 - 0x00007fff425d3000 	C:\WINDOWS\SYSTEM32\WINMM.dll
0x00007fff1ea50000 - 0x00007fff1ea59000 	C:\WINDOWS\SYSTEM32\WSOCK32.dll
0x00007fff403f0000 - 0x00007fff403fa000 	C:\WINDOWS\SYSTEM32\VERSION.dll
0x00007fff4fb80000 - 0x00007fff4fbef000 	C:\WINDOWS\System32\WS2_32.dll
0x00007fff3fa30000 - 0x00007fff3fa3f000 	C:\Program Files\Java\jre1.8.0_251\bin\verify.dll
0x00007fff30870000 - 0x00007fff30899000 	C:\Program Files\Java\jre1.8.0_251\bin\java.dll
0x00007fff30740000 - 0x00007fff30756000 	C:\Program Files\Java\jre1.8.0_251\bin\zip.dll
0x00007fff4eaa0000 - 0x00007fff4f24f000 	C:\WINDOWS\System32\SHELL32.dll
0x00007fff4b690000 - 0x00007fff4bef8000 	C:\WINDOWS\SYSTEM32\windows.storage.dll
0x00007fff4e2f0000 - 0x00007fff4e668000 	C:\WINDOWS\System32\combase.dll
0x00007fff4b520000 - 0x00007fff4b686000 	C:\WINDOWS\SYSTEM32\wintypes.dll
0x00007fff4e7b0000 - 0x00007fff4e89a000 	C:\WINDOWS\System32\SHCORE.dll
0x00007fff4e720000 - 0x00007fff4e77d000 	C:\WINDOWS\System32\shlwapi.dll
0x00007fff4d440000 - 0x00007fff4d461000 	C:\WINDOWS\SYSTEM32\profapi.dll
0x00007fff30720000 - 0x00007fff3073a000 	C:\Program Files\Java\jre1.8.0_251\bin\net.dll
0x00007fff4cb30000 - 0x00007fff4cb97000 	C:\WINDOWS\system32\mswsock.dll
0x00007fff4c2a0000 - 0x00007fff4c388000 	C:\WINDOWS\SYSTEM32\DNSAPI.dll
0x00007fff4c270000 - 0x00007fff4c29d000 	C:\WINDOWS\SYSTEM32\IPHLPAPI.DLL
0x00007fff4f490000 - 0x00007fff4f499000 	C:\WINDOWS\System32\NSI.dll
0x00007fff403e0000 - 0x00007fff403ea000 	C:\Windows\System32\rasadhlp.dll
0x00007fff3fd70000 - 0x00007fff3fdf1000 	C:\WINDOWS\System32\fwpuclnt.dll
0x00007fff4cd70000 - 0x00007fff4cd88000 	C:\WINDOWS\SYSTEM32\CRYPTSP.dll
0x00007fff4c660000 - 0x00007fff4c695000 	C:\WINDOWS\system32\rsaenh.dll
0x00007fff4cc20000 - 0x00007fff4cc49000 	C:\WINDOWS\SYSTEM32\USERENV.dll
0x00007fff4cef0000 - 0x00007fff4cf17000 	C:\WINDOWS\SYSTEM32\bcrypt.dll
0x00007fff4d890000 - 0x00007fff4d90f000 	C:\WINDOWS\System32\bcryptprimitives.dll
0x00007fff4cd90000 - 0x00007fff4cd9c000 	C:\WINDOWS\SYSTEM32\CRYPTBASE.dll
0x00007fff41d30000 - 0x00007fff41d49000 	C:\WINDOWS\SYSTEM32\dhcpcsvc6.DLL
0x00007fff41dc0000 - 0x00007fff41dde000 	C:\WINDOWS\SYSTEM32\dhcpcsvc.DLL
0x00007fff306d0000 - 0x00007fff306e2000 	C:\Program Files\Java\jre1.8.0_251\bin\nio.dll
0x00007fff1f570000 - 0x00007fff1f594000 	C:\Program Files\Java\jre1.8.0_251\bin\sunec.dll
0x00007fff36cd0000 - 0x00007fff36cdc000 	C:\Program Files\Java\jre1.8.0_251\bin\sunmscapi.dll
0x00007fff4d6f0000 - 0x00007fff4d852000 	C:\WINDOWS\System32\CRYPT32.dll
0x00007fff4cec0000 - 0x00007fff4cee8000 	C:\WINDOWS\SYSTEM32\ncrypt.dll
0x00007fff4ce80000 - 0x00007fff4ceb7000 	C:\WINDOWS\SYSTEM32\NTASN1.dll
0x00007fff34850000 - 0x00007fff3485d000 	C:\Program Files\Java\jre1.8.0_251\bin\management.dll
0x00007fff39e50000 - 0x00007fff39e67000 	C:\WINDOWS\system32\napinsp.dll
0x00007fff39cc0000 - 0x00007fff39cdb000 	C:\WINDOWS\system32\pnrpnsp.dll
0x00007fff01370000 - 0x00007fff01382000 	C:\WINDOWS\System32\winrnr.dll
0x00007fff41d10000 - 0x00007fff41d25000 	C:\WINDOWS\system32\wshbth.dll
0x00007fff00140000 - 0x00007fff0015f000 	C:\WINDOWS\system32\nlansp_c.dll

VM Arguments:
jvm_args: -ea -Dfile.encoding=Cp1252 
java_command: org.testng.remote.RemoteTestNG -serport 64621 -protocol json -d D:\BackupLaptop\Jack\AutomationClass\workspaceAutomation\may2022\test-output C:\Users\DELL\AppData\Local\Temp\testng-eclipse-1898947034\testng-customsuite.xml
java_class_path (initial): D:\BackupLaptop\Jack\AutomationClass\eclipse\configuration\org.eclipse.osgi\528\0\.cp\lib\testng-remote.jar;D:\BackupLaptop\Jack\AutomationClass\workspaceAutomation\may2022\target\test-classes;D:\BackupLaptop\Jack\AutomationClass\workspaceAutomation\may2022\target\classes;D:\BackupLaptop\Jack\AutomationClass\eclipse\plugins\org.testng_7.4.0.r202105021533.jar;D:\BackupLaptop\Jack\AutomationClass\eclipse\plugins\com.beust.jcommander_1.78.0.jar;D:\BackupLaptop\Jack\AutomationClass\eclipse\plugins\org.apache-extras.beanshell.bsh_2.0.0.b6.jar;D:\BackupLaptop\Jack\AutomationClass\eclipse\plugins\org.yaml.snakeyaml_1.21.0.jar;D:\BackupLaptop\Jack\AutomationClass\eclipse\plugins\org.webjars.jquery_3.5.1.jar;C:\Users\DELL\.m2\repository\org\json\json\20200518\json-20200518.jar;C:\Users\DELL\.m2\repository\org\seleniumhq\selenium\selenium-java\4.0.0-beta-3\selenium-java-4.0.0-beta-3.jar;C:\Users\DELL\.m2\repository\org\seleniumhq\selenium\selenium-api\4.0.0-beta-3\selenium-api-4.0.0-beta-3.jar;C:\Users\DELL\.m2\repository\org\seleniumhq\selenium\selenium-devtools-v85\4.0.0-beta-3\selenium-devtools-v85-4.0.0-beta-3.jar;C:\Users\DELL\.m2\repository\org\seleniumhq\selenium\selenium-devtools-v88\4.0.0-beta-3\selenium-devtools-v88-4.0.0-beta-3.jar;C:\Users\DELL\.m2\repository\org\seleniumhq\selenium\selenium-devtools-v89\4.0.0-beta-3\selenium-devtools-v89-4.0.0-beta-3.jar;C:\Users\DELL\.m2\repository\org\seleniumhq\selenium\selenium-devtools-v90\4.0.0-beta-3\selenium-devtools-v90-4.0.0-beta-3.jar;C:\Users\DELL\.m2\repository\org\seleniumhq\selenium\selenium-devtools-v91\4.0.0-beta-3\selenium-devtools-v91-4.0.0-beta-3.jar;C:\Users\DELL\.m2\repository\org\seleniumhq\selenium\selenium-edge-driver\4.0.0-beta-3\selenium-edge-driver-4.0.0-beta-3.jar;C:\Users\DELL\.m2\repository\org\seleniumhq\selenium\selenium-firefox-driver\4.0.0-beta-3\selenium-firefox-driver-4.0.0-beta-3.jar;C:\Users\DELL\.m2\repository\org\seleniumhq\selenium\selenium-firefox-xpi-driver\
Launcher Type: SUN_STANDARD

Environment Variables:
PATH=C:/Program Files/Java/jre1.8.0_251/bin/server;C:/Program Files/Java/jre1.8.0_251/bin;C:/Program Files/Java/jre1.8.0_251/lib/amd64;C:\Program Files (x86)\Common Files\Oracle\Java\javapath;C:\Windows\system32;C:\Windows;C:\Windows\System32\Wbem;C:\Windows\System32\WindowsPowerShell\v1.0\;C:\Windows\System32\OpenSSH\;C:\Program Files (x86)\NVIDIA Corporation\PhysX\Common;C:\WINDOWS\system32;C:\WINDOWS;C:\WINDOWS\System32\Wbem;C:\WINDOWS\System32\WindowsPowerShell\v1.0\;C:\WINDOWS\System32\OpenSSH\;C:\Program Files\dotnet\;C:\Program Files\Git\cmd;C:\Users\DELL\AppData\Local\Microsoft\WindowsApps;C:\Users\DELL\AppData\Local\GitHubDesktop\bin;D:\BackupLaptop\Jack\AutomationClass\eclipse;
USERNAME=jakfar.yakub
OS=Windows_NT
PROCESSOR_IDENTIFIER=Intel64 Family 6 Model 142 Stepping 12, GenuineIntel



---------------  S Y S T E M  ---------------

OS: Windows 10.0 , 64 bit Build 22000 (10.0.22000.675)

CPU:total 8 (initial active 8) (4 cores per cpu, 2 threads per core) family 6 model 142 stepping 12, cmov, cx8, fxsr, mmx, sse, sse2, sse3, ssse3, sse4.1, sse4.2, popcnt, avx, avx2, aes, clmul, erms, 3dnowpref, lzcnt, ht, tsc, tscinvbit, bmi1, bmi2, adx

Memory: 4k page, physical 12337864k(1121820k free), swap 16532168k(2804k free)

vm_info: Java HotSpot(TM) 64-Bit Server VM (25.251-b08) for windows-amd64 JRE (1.8.0_251-b08), built on Mar 12 2020 06:31:49 by "" with MS VC++ 10.0 (VS2010)

time: Sat Jun 18 15:20:12 2022
timezone: SE Asia Standard Time
elapsed time: 13 seconds (0d 0h 0m 13s)

